Looking in indexes: https://pypi.tuna.tsinghua.edu.cn/simple
Requirement already satisfied: Flask==2.3.3 in ./venv/lib/python3.11/site-packages (from -r requirements.txt (line 1)) (2.3.3)
Requirement already satisfied: Flask-CORS==4.0.0 in ./venv/lib/python3.11/site-packages (from -r requirements.txt (line 2)) (4.0.0)
Requirement already satisfied: python-dotenv==1.0.0 in ./venv/lib/python3.11/site-packages (from -r requirements.txt (line 3)) (1.0.0)
Requirement already satisfied: Werkzeug>=2.3.7 in ./venv/lib/python3.11/site-packages (from Flask==2.3.3->-r requirements.txt (line 1)) (3.1.3)
Requirement already satisfied: Jinja2>=3.1.2 in ./venv/lib/python3.11/site-packages (from Flask==2.3.3->-r requirements.txt (line 1)) (3.1.6)
Requirement already satisfied: itsdangerous>=2.1.2 in ./venv/lib/python3.11/site-packages (from Flask==2.3.3->-r requirements.txt (line 1)) (2.2.0)
Requirement already satisfied: click>=8.1.3 in ./venv/lib/python3.11/site-packages (from Flask==2.3.3->-r requirements.txt (line 1)) (8.3.0)
Requirement already satisfied: blinker>=1.6.2 in ./venv/lib/python3.11/site-packages (from Flask==2.3.3->-r requirements.txt (line 1)) (1.9.0)
Requirement already satisfied: MarkupSafe>=2.0 in ./venv/lib/python3.11/site-packages (from Jinja2>=3.1.2->Flask==2.3.3->-r requirements.txt (line 1)) (3.0.3)

[notice] A new release of pip is available: 24.0 -> 25.3
[notice] To update, run: python3 -m pip install --upgrade pip

=== ä¸€é”®å¯åŠ¨ï¼šåç«¯ + å‰ç«¯ ===

[1;33m[dev][0m åç«¯ï¼šæ£€æŸ¥è™šæ‹Ÿç¯å¢ƒä¸ä¾èµ–...
[1;33m[dev][0m åç«¯ï¼šå®‰è£…ä¾èµ–ï¼ˆrequirements.txtï¼‰...
[1;32m[ok][0m åç«¯å·²åœ¨è¿è¡Œï¼šhttp://localhost:5000
[1;33m[dev][0m å‰ç«¯ï¼šæ£€æŸ¥ä¾èµ–...
[1;33m[dev][0m å‰ç«¯ï¼šå¯åŠ¨ Vite å¼€å‘æœåŠ¡å™¨ (http://localhost:8080)...
[1;32m[ok][0m å‰ç«¯å¯åŠ¨æˆåŠŸï¼›åœ°å€ï¼šhttp://localhost:8080ï¼›æ—¥å¿—ï¼š/home/zkr/å› æœå‘ç°/08å‰åç«¯åˆ†ç¦»/frontend/server.log

=== å¯åŠ¨å®Œæˆ ===
å‰ç«¯ï¼šhttp://localhost:8080
åç«¯ï¼šhttp://localhost:5000
æ—¥å¿—ï¼šbackend/server.log, frontend/server.log
(è„šæœ¬é€€å‡ºä¸å½±å“æœåŠ¡è¿è¡Œï¼›å¦‚éœ€åœæ­¢ï¼Œå¯æ‰‹åŠ¨ç»“æŸå¯¹åº”è¿›ç¨‹æˆ–ä½¿ç”¨ç«¯å£å·¥å…·ã€‚)
Looking in indexes: https://pypi.tuna.tsinghua.edu.cn/simple
Requirement already satisfied: Flask==2.3.3 in ./venv/lib/python3.11/site-packages (from -r requirements.txt (line 1)) (2.3.3)
Requirement already satisfied: Flask-CORS==4.0.0 in ./venv/lib/python3.11/site-packages (from -r requirements.txt (line 2)) (4.0.0)
Requirement already satisfied: python-dotenv==1.0.0 in ./venv/lib/python3.11/site-packages (from -r requirements.txt (line 3)) (1.0.0)
Requirement already satisfied: Werkzeug>=2.3.7 in ./venv/lib/python3.11/site-packages (from Flask==2.3.3->-r requirements.txt (line 1)) (3.1.3)
Requirement already satisfied: Jinja2>=3.1.2 in ./venv/lib/python3.11/site-packages (from Flask==2.3.3->-r requirements.txt (line 1)) (3.1.6)
Requirement already satisfied: itsdangerous>=2.1.2 in ./venv/lib/python3.11/site-packages (from Flask==2.3.3->-r requirements.txt (line 1)) (2.2.0)
Requirement already satisfied: click>=8.1.3 in ./venv/lib/python3.11/site-packages (from Flask==2.3.3->-r requirements.txt (line 1)) (8.3.0)
Requirement already satisfied: blinker>=1.6.2 in ./venv/lib/python3.11/site-packages (from Flask==2.3.3->-r requirements.txt (line 1)) (1.9.0)
Requirement already satisfied: MarkupSafe>=2.0 in ./venv/lib/python3.11/site-packages (from Jinja2>=3.1.2->Flask==2.3.3->-r requirements.txt (line 1)) (3.0.3)

[notice] A new release of pip is available: 24.0 -> 25.3
[notice] To update, run: python3 -m pip install --upgrade pip

=== ä¸€é”®å¯åŠ¨ï¼šåç«¯ + å‰ç«¯ ===

[1;33m[dev][0m åç«¯ï¼šæ£€æŸ¥è™šæ‹Ÿç¯å¢ƒä¸ä¾èµ–...
[1;33m[dev][0m åç«¯ï¼šå®‰è£…ä¾èµ–ï¼ˆrequirements.txtï¼‰...
[1;33m[dev][0m åç«¯ï¼šå¯åŠ¨ Flask (http://localhost:5000)...
[1;32m[ok][0m åç«¯å¯åŠ¨æˆåŠŸï¼›æ—¥å¿—ï¼š/home/zkr/å› æœå‘ç°/08å‰åç«¯åˆ†ç¦»/backend/server.log
[1;33m[dev][0m å‰ç«¯ï¼šæ£€æŸ¥ä¾èµ–...
[1;33m[dev][0m å‰ç«¯ï¼šå¯åŠ¨ Vite å¼€å‘æœåŠ¡å™¨ (http://localhost:8080)...
[1;32m[ok][0m å‰ç«¯å¯åŠ¨æˆåŠŸï¼›åœ°å€ï¼šhttp://localhost:8080ï¼›æ—¥å¿—ï¼š/home/zkr/å› æœå‘ç°/08å‰åç«¯åˆ†ç¦»/frontend/server.log

=== å¯åŠ¨å®Œæˆ ===
å‰ç«¯ï¼šhttp://localhost:8080
åç«¯ï¼šhttp://localhost:5000
æ—¥å¿—ï¼šbackend/server.log, frontend/server.log
(è„šæœ¬é€€å‡ºä¸å½±å“æœåŠ¡è¿è¡Œï¼›å¦‚éœ€åœæ­¢ï¼Œå¯æ‰‹åŠ¨ç»“æŸå¯¹åº”è¿›ç¨‹æˆ–ä½¿ç”¨ç«¯å£å·¥å…·ã€‚)
